CLIENT_HANDSHAKE_TRAFFIC_SECRET 52c5a6e437414b5853e7d068bb60234078aa8ebf7716f13608564920f72fb6a2 2ffa77d258a35e82a1d0417bfff14a0be72f0e8a96a1b88e5fb69e3af5f70ff7
SERVER_HANDSHAKE_TRAFFIC_SECRET 52c5a6e437414b5853e7d068bb60234078aa8ebf7716f13608564920f72fb6a2 4ce35f3a11d2eea93d1f283c8608fa18859400125953361a041b27310d6f65cb
CLIENT_HANDSHAKE_TRAFFIC_SECRET bd06cac4a4efb33e78bf2b929621759c31523b95b2d31c1bab0b613f39ba6a1b 6ebd7479a5cd3cf51f5b82c905b66704417411224d2dd455ecd05108e210f534
SERVER_HANDSHAKE_TRAFFIC_SECRET bd06cac4a4efb33e78bf2b929621759c31523b95b2d31c1bab0b613f39ba6a1b 43a05c74c10ebdc5ce3f1f903331b6e63b6eb0d6e68296db369ffe7cde0b74b3
CLIENT_TRAFFIC_SECRET_0 bd06cac4a4efb33e78bf2b929621759c31523b95b2d31c1bab0b613f39ba6a1b 2ed5fd1281f76189dad308db8453ea34b0b01a690cfe1f1298c35337cbb8bdcf
SERVER_TRAFFIC_SECRET_0 bd06cac4a4efb33e78bf2b929621759c31523b95b2d31c1bab0b613f39ba6a1b 52d0d50fc27ecf94eac642dc6f4b5903d2b0e63ecac3b332b74b89f9dc44b69d
EXPORTER_SECRET bd06cac4a4efb33e78bf2b929621759c31523b95b2d31c1bab0b613f39ba6a1b 08c01fb2290649997135d672334025b6ed671786467ca2b80bf98f0d5796cdbb
CLIENT_TRAFFIC_SECRET_0 52c5a6e437414b5853e7d068bb60234078aa8ebf7716f13608564920f72fb6a2 1b06409e5dcafcbef7e2a2b6ff4d8d7f1995cf53d3d88d881d34a855a1000350
SERVER_TRAFFIC_SECRET_0 52c5a6e437414b5853e7d068bb60234078aa8ebf7716f13608564920f72fb6a2 76dc997e2fe38122961109dc5f85b4ebde6c016ebf9bd12f438a0eb6b8c204dc
EXPORTER_SECRET 52c5a6e437414b5853e7d068bb60234078aa8ebf7716f13608564920f72fb6a2 3965717e32ec7b0e977d36685ec51bc65743c4d78e963475333163fc5be50b89
CLIENT_HANDSHAKE_TRAFFIC_SECRET c5f0e48fe2120a6a1a247619e2a167b875c8da4df28da43d6c0fe233f84b112f d13539a20132548ff2a17565bb6826801037a0c3566285503d6d218975e101b3
SERVER_HANDSHAKE_TRAFFIC_SECRET c5f0e48fe2120a6a1a247619e2a167b875c8da4df28da43d6c0fe233f84b112f 01d3d79519779c55e8ba391bd20cde3f4dfc9eb7deb36c0a6c89b89b4a184e98
CLIENT_TRAFFIC_SECRET_0 c5f0e48fe2120a6a1a247619e2a167b875c8da4df28da43d6c0fe233f84b112f f6dbb529733f11821a561e668bd769b281bfd62cd17e257b8827d469a4ceb856
SERVER_TRAFFIC_SECRET_0 c5f0e48fe2120a6a1a247619e2a167b875c8da4df28da43d6c0fe233f84b112f ffd70aad2ca40150ee3630d8c33676120e83e71807e7920ace3245ada893f2e0
EXPORTER_SECRET c5f0e48fe2120a6a1a247619e2a167b875c8da4df28da43d6c0fe233f84b112f 7ebcf503cb2e9e7bbf6a263f21dcb6b42e6dde8861676ad48b66b637d9c018f1
CLIENT_HANDSHAKE_TRAFFIC_SECRET 21f42fddfa82fe2078f0bcc86b77602a3d5d0f9227cfa8115327e4d625566a19 bb7e2d90678cd240187e0f184f6d8c78d8915ccd1de36660600ec127efef0e815907876760cfa2fd226654ab8f123f8c
SERVER_HANDSHAKE_TRAFFIC_SECRET 21f42fddfa82fe2078f0bcc86b77602a3d5d0f9227cfa8115327e4d625566a19 fa9879b9482150965479571f0f1eff5587cea3b37af45ca773ef2dd4a0ac1b898f0564ce6a31a9e5965583c97af0fc2b
CLIENT_TRAFFIC_SECRET_0 21f42fddfa82fe2078f0bcc86b77602a3d5d0f9227cfa8115327e4d625566a19 751eedd845ae82c8698d174bda97937c9a3283637573df10b8227a7db00757ab728070c8a018ba74829d353de0455f78
SERVER_TRAFFIC_SECRET_0 21f42fddfa82fe2078f0bcc86b77602a3d5d0f9227cfa8115327e4d625566a19 e94e40c6d9e0e0ed8ba725289b8d4273bb5357c5d7b227a56a5da11f8bd4bbd94112219f4452523d837f69c7bcf19c3e
EXPORTER_SECRET 21f42fddfa82fe2078f0bcc86b77602a3d5d0f9227cfa8115327e4d625566a19 2a6950f6fb87ed482ed4be8b5fe88ea1a96332966a4cafcc9a1a40f16d6b976a69635579d79334278cb4e0518e62940d
CLIENT_HANDSHAKE_TRAFFIC_SECRET 65c88da5df61316c278ccfe1b566b1a549cb8a25c3f03611fa595dde2942b52c 4e5d6413e0539a4d345d571fc052e57d573ab206f5c37aa45c1e47dc9ad4cb5c
SERVER_HANDSHAKE_TRAFFIC_SECRET 65c88da5df61316c278ccfe1b566b1a549cb8a25c3f03611fa595dde2942b52c 709c97699148262b880a834f67b388f61f52f7dace466ddea35ac15bb407b201
CLIENT_TRAFFIC_SECRET_0 65c88da5df61316c278ccfe1b566b1a549cb8a25c3f03611fa595dde2942b52c 6ba22ab11c061d646cbaf48e3b7ec47d749d2b121e53ba7ecdb0fd3c8ecd9421
SERVER_TRAFFIC_SECRET_0 65c88da5df61316c278ccfe1b566b1a549cb8a25c3f03611fa595dde2942b52c f825a403f86af43c0905ec3b5bdb35f5859e86cee86842221a1713d4c3193805
EXPORTER_SECRET 65c88da5df61316c278ccfe1b566b1a549cb8a25c3f03611fa595dde2942b52c 42b9f78373560b7cd965ee101be9b03211d0cb63c5a4035ceaa27069b773396a
CLIENT_HANDSHAKE_TRAFFIC_SECRET 7e4958298f73cad0ed7250e405cfd25557080e0e2b9bfea65fbc730214f02592 6f89e05ec934f148ad3e052302279ba278650a36d82700caa9a74b06dca83045
SERVER_HANDSHAKE_TRAFFIC_SECRET 7e4958298f73cad0ed7250e405cfd25557080e0e2b9bfea65fbc730214f02592 d328b615fb919527cca1218117742b217bce0e047e9fae60d1e4e77ba334b49d
CLIENT_TRAFFIC_SECRET_0 7e4958298f73cad0ed7250e405cfd25557080e0e2b9bfea65fbc730214f02592 0a9ab9e0fe2ccb9e9910e78a751e7213f465dc9bf3bce9b2a63d7cd4a9f8cdb9
SERVER_TRAFFIC_SECRET_0 7e4958298f73cad0ed7250e405cfd25557080e0e2b9bfea65fbc730214f02592 15b9de40e96362a30debf5aaf3f5526ef753f8e63895efefe1cb40c2bef95878
EXPORTER_SECRET 7e4958298f73cad0ed7250e405cfd25557080e0e2b9bfea65fbc730214f02592 b2b948d8f39e16a430f1443dd7c369acc43881ceb5fba6ce2bc5ad12e5553762
